<?xml version="1.0" encoding="UTF-8"?>
<testng-results skipped="0" failed="0" total="1" passed="1">
  <reporter-output>
  </reporter-output>
  <suite name="Default suite" duration-ms="13318" started-at="2015-09-18T06:08:40Z" finished-at="2015-09-18T06:08:53Z">
    <groups>
    </groups>
    <test name="Default test" duration-ms="13318" started-at="2015-09-18T06:08:40Z" finished-at="2015-09-18T06:08:53Z">
      <class name="com.lakala.bmcp.test.LoginPage3Test">
        <test-method status="PASS" signature="LoginPage3()[pri:0, instance:com.lakala.bmcp.test.LoginPage3Test@18e8568]" name="LoginPage3" duration-ms="13305" started-at="2015-09-18T14:08:40Z" finished-at="2015-09-18T14:08:53Z">
          <reporter-output>
          </reporter-output>
        </test-method> <!-- LoginPage3 -->
      </class> <!-- com.lakala.bmcp.test.LoginPage3Test -->
    </test> <!-- Default test -->
  </suite> <!-- Default suite -->
</testng-results>
